  [1m[35m (179.4ms)[0m  [1m[35mCREATE DATABASE "2023-2-grupo-54_development" ENCODING = 'unicode'[0m
  [1m[35m (214.7ms)[0m  [1m[35mCREATE DATABASE "2023-2-grupo-54_test" ENCODING = 'unicode'[0m
Started GET "/" for 127.0.0.1 at 2023-09-29 14:04:41 -0300
Processing by Rails::WelcomeController#index as HTML
  Rendering /home/benja/.rvm/gems/ruby-3.2.2/gems/railties-7.0.8/lib/rails/templates/rails/welcome/index.html.erb
  Rendered /home/benja/.rvm/gems/ruby-3.2.2/gems/railties-7.0.8/lib/rails/templates/rails/welcome/index.html.erb (Duration: 6.6ms | Allocations: 634)
Completed 200 OK in 20ms (Views: 10.0ms | ActiveRecord: 0.0ms | Allocations: 7366)


  [1m[35m (39.9ms)[0m  [1m[35mCREATE TABLE "schema_migrations" ("version" character varying NOT NULL PRIMARY KEY)[0m
  [1m[35m (6.6ms)[0m  [1m[35mCREATE TABLE "ar_internal_metadata" ("key" character varying NOT NULL PRIMARY KEY, "value" character varying, "created_at" timestamp(6) NOT NULL, "updated_at" timestamp(6) NOT NULL)[0m
  [1m[35m (0.3ms)[0m  [1m[34mSELECT pg_try_advisory_lock(2674457127358331070)[0m
  [1m[36mActiveRecord::SchemaMigration Pluck (0.3ms)[0m  [1m[34mSELECT "schema_migrations"."version" FROM "schema_migrations" ORDER BY "schema_migrations"."version" ASC[0m
  [1m[36mActiveRecord::InternalMetadata Load (0.3ms)[0m  [1m[34mSELECT "ar_internal_metadata".* FROM "ar_internal_metadata" WHERE "ar_internal_metadata"."key" = $1 LIMIT $2[0m  [["key", "environment"], ["LIMIT", 1]]
  [1m[36mTRANSACTION (0.2ms)[0m  [1m[35mBEGIN[0m
  [1m[36mActiveRecord::InternalMetadata Create (1.1ms)[0m  [1m[32mINSERT INTO "ar_internal_metadata" ("key", "value", "created_at", "updated_at") VALUES ($1, $2, $3, $4) RETURNING "key"[0m  [["key", "environment"], ["value", "development"], ["created_at", "2023-09-29 17:15:19.749561"], ["updated_at", "2023-09-29 17:15:19.749561"]]
  [1m[36mTRANSACTION (1.0ms)[0m  [1m[35mCOMMIT[0m
  [1m[35m (0.2ms)[0m  [1m[34mSELECT pg_advisory_unlock(2674457127358331070)[0m
  [1m[36mActiveRecord::SchemaMigration Pluck (0.5ms)[0m  [1m[34mSELECT "schema_migrations"."version" FROM "schema_migrations" ORDER BY "schema_migrations"."version" ASC[0m
  [1m[35m (0.3ms)[0m  [1m[34mSELECT pg_try_advisory_lock(2674457127358331070)[0m
  [1m[36mActiveRecord::SchemaMigration Pluck (0.3ms)[0m  [1m[34mSELECT "schema_migrations"."version" FROM "schema_migrations" ORDER BY "schema_migrations"."version" ASC[0m
  [1m[36mActiveRecord::InternalMetadata Load (0.3ms)[0m  [1m[34mSELECT "ar_internal_metadata".* FROM "ar_internal_metadata" WHERE "ar_internal_metadata"."key" = $1 LIMIT $2[0m  [["key", "environment"], ["LIMIT", 1]]
  [1m[35m (0.2ms)[0m  [1m[34mSELECT pg_advisory_unlock(2674457127358331070)[0m
  [1m[36mActiveRecord::SchemaMigration Pluck (0.4ms)[0m  [1m[34mSELECT "schema_migrations"."version" FROM "schema_migrations" ORDER BY "schema_migrations"."version" ASC[0m
Started GET "/" for 127.0.0.1 at 2023-09-29 14:39:23 -0300
  [1m[36mActiveRecord::SchemaMigration Pluck (0.2ms)[0m  [1m[34mSELECT "schema_migrations"."version" FROM "schema_migrations" ORDER BY "schema_migrations"."version" ASC[0m
Processing by RenderController#index as HTML
  Rendering layout layouts/application.html.erb
  Rendering render/index.html.erb within layouts/application
  Rendered render/index.html.erb within layouts/application (Duration: 1.0ms | Allocations: 300)
  Rendered layout layouts/application.html.erb (Duration: 6.5ms | Allocations: 5328)
Completed 500 Internal Server Error in 29ms (ActiveRecord: 0.0ms | Allocations: 10374)


  
ActionView::Template::Error (undefined method `user_signed_in?' for #<ActionView::Base:0x0000000000af28>):
    12: 
    13:   <body>
    14: 
    15:     <% if user_signed_in? %>
    16:       <%= link_to "Edit", edit_user_registration_path %>
    17:       <%= button_to "Sign out", destroy_user_session_path, method: :delete %>
    18:     <% else %>
  
app/views/layouts/application.html.erb:15
Started GET "/" for 127.0.0.1 at 2023-09-29 14:53:57 -0300
  [1m[36mActiveRecord::SchemaMigration Pluck (0.2ms)[0m  [1m[34mSELECT "schema_migrations"."version" FROM "schema_migrations" ORDER BY "schema_migrations"."version" ASC[0m
  
ActionController::RoutingError (uninitialized constant HomeController):
  
Started GET "/" for 127.0.0.1 at 2023-09-29 14:57:47 -0300
  [1m[36mActiveRecord::SchemaMigration Pluck (0.3ms)[0m  [1m[34mSELECT "schema_migrations"."version" FROM "schema_migrations" ORDER BY "schema_migrations"."version" ASC[0m
Processing by RenderController#index as HTML
  Rendering layout layouts/application.html.erb
  Rendering render/index.html.erb within layouts/application
  Rendered render/index.html.erb within layouts/application (Duration: 0.4ms | Allocations: 300)
  Rendered layout layouts/application.html.erb (Duration: 5.6ms | Allocations: 4620)
Completed 500 Internal Server Error in 11ms (ActiveRecord: 0.0ms | Allocations: 8786)


  
ActionView::Template::Error (undefined method `user_signed_in?' for #<ActionView::Base:0x0000000000af28>):
    12: 
    13:   <body>
    14: 
    15:     <% if user_signed_in? %>
    16:       <%= link_to "Edit", edit_user_registration_path %>
    17:       <%= button_to "Sign out", destroy_user_session_path, method: :delete %>
    18:     <% else %>
  
app/views/layouts/application.html.erb:15
  [1m[35m (0.3ms)[0m  [1m[34mSELECT pg_try_advisory_lock(2674457127358331070)[0m
  [1m[36mActiveRecord::SchemaMigration Pluck (1.4ms)[0m  [1m[34mSELECT "schema_migrations"."version" FROM "schema_migrations" ORDER BY "schema_migrations"."version" ASC[0m
Migrating to AddNameToUsers (20230929183315)
  [1m[36mTRANSACTION (0.2ms)[0m  [1m[35mBEGIN[0m
  [1m[35m (1.7ms)[0m  [1m[35mALTER TABLE "users" ADD "name" character varying[0m
  [1m[36mTRANSACTION (0.4ms)[0m  [1m[31mROLLBACK[0m
  [1m[35m (0.3ms)[0m  [1m[34mSELECT pg_advisory_unlock(2674457127358331070)[0m
  [1m[35m (0.3ms)[0m  [1m[34mSELECT pg_try_advisory_lock(2674457127358331070)[0m
  [1m[36mActiveRecord::SchemaMigration Pluck (0.4ms)[0m  [1m[34mSELECT "schema_migrations"."version" FROM "schema_migrations" ORDER BY "schema_migrations"."version" ASC[0m
  [1m[36mActiveRecord::InternalMetadata Load (1.2ms)[0m  [1m[34mSELECT "ar_internal_metadata".* FROM "ar_internal_metadata" WHERE "ar_internal_metadata"."key" = $1 LIMIT $2[0m  [["key", "environment"], ["LIMIT", 1]]
  [1m[35m (0.2ms)[0m  [1m[34mSELECT pg_advisory_unlock(2674457127358331070)[0m
  [1m[36mActiveRecord::SchemaMigration Pluck (0.4ms)[0m  [1m[34mSELECT "schema_migrations"."version" FROM "schema_migrations" ORDER BY "schema_migrations"."version" ASC[0m
  [1m[35m (0.2ms)[0m  [1m[34mSELECT pg_try_advisory_lock(2674457127358331070)[0m
  [1m[36mActiveRecord::SchemaMigration Pluck (0.4ms)[0m  [1m[34mSELECT "schema_migrations"."version" FROM "schema_migrations" ORDER BY "schema_migrations"."version" ASC[0m
Migrating to DeviseCreateUsers (20230929185244)
  [1m[36mTRANSACTION (0.2ms)[0m  [1m[35mBEGIN[0m
  [1m[35m (33.8ms)[0m  [1m[35mCREATE TABLE "users" ("id" bigserial primary key, "email" character varying DEFAULT '' NOT NULL, "encrypted_password" character varying DEFAULT '' NOT NULL, "reset_password_token" character varying, "reset_password_sent_at" timestamp(6), "remember_created_at" timestamp(6), "created_at" timestamp(6) NOT NULL, "updated_at" timestamp(6) NOT NULL)[0m
  [1m[35m (2.9ms)[0m  [1m[35mCREATE UNIQUE INDEX "index_users_on_email" ON "users" ("email")[0m
  [1m[35m (2.1ms)[0m  [1m[35mCREATE UNIQUE INDEX "index_users_on_reset_password_token" ON "users" ("reset_password_token")[0m
  [1m[36mActiveRecord::SchemaMigration Create (0.4ms)[0m  [1m[32mINSERT INTO "schema_migrations" ("version") VALUES ($1) RETURNING "version"[0m  [["version", "20230929185244"]]
  [1m[36mTRANSACTION (1.2ms)[0m  [1m[35mCOMMIT[0m
  [1m[36mActiveRecord::InternalMetadata Load (0.3ms)[0m  [1m[34mSELECT "ar_internal_metadata".* FROM "ar_internal_metadata" WHERE "ar_internal_metadata"."key" = $1 LIMIT $2[0m  [["key", "environment"], ["LIMIT", 1]]
  [1m[35m (0.2ms)[0m  [1m[34mSELECT pg_advisory_unlock(2674457127358331070)[0m
  [1m[36mActiveRecord::SchemaMigration Pluck (0.4ms)[0m  [1m[34mSELECT "schema_migrations"."version" FROM "schema_migrations" ORDER BY "schema_migrations"."version" ASC[0m
Started GET "/" for 127.0.0.1 at 2023-09-29 15:56:15 -0300
  [1m[36mActiveRecord::SchemaMigration Pluck (3.5ms)[0m  [1m[34mSELECT "schema_migrations"."version" FROM "schema_migrations" ORDER BY "schema_migrations"."version" ASC[0m
Processing by RenderController#index as HTML
  Rendering layout layouts/application.html.erb
  Rendering render/index.html.erb within layouts/application
  Rendered render/index.html.erb within layouts/application (Duration: 1.4ms | Allocations: 298)
  Rendered layout layouts/application.html.erb (Duration: 6.7ms | Allocations: 3716)
Completed 200 OK in 29ms (Views: 9.8ms | ActiveRecord: 0.0ms | Allocations: 7924)


Started GET "/users/sign_in" for 127.0.0.1 at 2023-09-29 15:56:16 -0300
Processing by Devise::SessionsController#new as HTML
  Rendering layout layouts/application.html.erb
  Rendering devise/sessions/new.html.erb within layouts/application
  Rendered devise/shared/_links.html.erb (Duration: 1.1ms | Allocations: 713)
  Rendered devise/sessions/new.html.erb within layouts/application (Duration: 15.5ms | Allocations: 4591)
  Rendered layout layouts/application.html.erb (Duration: 16.6ms | Allocations: 5410)
Completed 200 OK in 36ms (Views: 18.7ms | ActiveRecord: 4.0ms | Allocations: 12940)


Started GET "/users/sign_up" for 127.0.0.1 at 2023-09-29 15:56:17 -0300
Processing by Devise::RegistrationsController#new as HTML
  Rendering layout layouts/application.html.erb
  Rendering devise/registrations/new.html.erb within layouts/application
  Rendered devise/shared/_error_messages.html.erb (Duration: 0.5ms | Allocations: 234)
  Rendered devise/shared/_links.html.erb (Duration: 0.2ms | Allocations: 156)
  Rendered devise/registrations/new.html.erb within layouts/application (Duration: 3.4ms | Allocations: 2083)
  Rendered layout layouts/application.html.erb (Duration: 5.7ms | Allocations: 2910)
Completed 200 OK in 9ms (Views: 8.2ms | ActiveRecord: 0.0ms | Allocations: 3966)


